[2024-12-10 15:17:39,570] INFO - Loading data...
[2024-12-10 15:17:39,570] INFO - Loading data...
[2024-12-10 15:17:40,668] INFO - Data loaded successfully.
[2024-12-10 15:17:40,668] INFO - Data loaded successfully.
[2024-12-10 15:17:40,674] INFO - Preprocessing data...
[2024-12-10 15:17:40,674] INFO - Preprocessing data...
[2024-12-10 15:17:40,862] INFO - Non-numeric columns: Index(['date'], dtype='object')
[2024-12-10 15:17:40,862] INFO - Non-numeric columns: Index(['date'], dtype='object')
[2024-12-10 15:17:41,103] INFO - Preprocessing completed.
[2024-12-10 15:17:41,103] INFO - Preprocessing completed.
[2024-12-10 15:17:41,155] INFO - X_train shape: (6224, 1288), X_test shape: (1557, 1288)
[2024-12-10 15:17:41,155] INFO - X_train shape: (6224, 1288), X_test shape: (1557, 1288)
[2024-12-10 15:17:41,156] INFO - Training the model...
[2024-12-10 15:17:41,156] INFO - Training the model...
[2024-12-10 15:18:06,922] INFO - Evaluating the model...
[2024-12-10 15:18:06,922] INFO - Evaluating the model...
[2024-12-10 15:18:07,000] INFO - Training MSE: 6.4267352185089985e-06
[2024-12-10 15:18:07,000] INFO - Training MSE: 6.4267352185089985e-06
[2024-12-10 15:18:07,002] INFO - Test MSE: 0.0
[2024-12-10 15:18:07,002] INFO - Test MSE: 0.0
[2024-12-10 15:18:07,003] INFO - Training MAE: 6.748071979434447e-05
[2024-12-10 15:18:07,003] INFO - Training MAE: 6.748071979434447e-05
[2024-12-10 15:18:07,004] INFO - Test MAE: 0.0
[2024-12-10 15:18:07,004] INFO - Test MAE: 0.0
[2024-12-10 15:18:07,004] INFO - Training R^2: 0.9999568976188601
[2024-12-10 15:18:07,004] INFO - Training R^2: 0.9999568976188601
[2024-12-10 15:18:07,005] INFO - Test R^2: 1.0
[2024-12-10 15:18:07,005] INFO - Test R^2: 1.0
[2024-12-10 15:18:07,006] INFO - Saving model and encoder...
[2024-12-10 15:18:07,006] INFO - Saving model and encoder...
[2024-12-10 15:18:07,030] INFO - Model and encoder saved successfully.
[2024-12-10 15:18:07,030] INFO - Model and encoder saved successfully.
[2024-12-10 15:18:07,031] INFO - Pipeline completed.
[2024-12-10 15:18:07,031] INFO - Pipeline completed.
